screen params
2019-04-27 19:47:10.164019
lograte = [-1.]
val_size = 30000
n_epoch = 5
folds = 5
dataset = eldan
trials = 1
bd = 100000
N = 10
feature = ReLU
classes = 0
loss_fn = squared
logGamma = [-7.]

screen params
2019-04-27 19:48:28.253576
n_epoch = 5
val_size = 30000
N = 10
feature = ReLU
folds = 5
bd = 100000
loss_fn = squared
lograte = [-1.]
dataset = eldan
logGamma = [-7.]
trials = 1
classes = [0]

screen params
2019-04-27 19:52:33.223908
task = regression
N = 10
val_size = 30000
dataset = eldan
loss_fn = squared
feature = ReLU
n_epoch = 5
trials = 1
bd = 100000
lograte = [-1.]
logGamma = [-7.]
classes = [0]
folds = 5

screen params
2019-04-27 19:54:48.125271
folds = 5
loss_fn = squared
val_size = 30000
logGamma = [-7.]
trials = 1
n_epoch = 5
classes = [0]
task = regression
bd = 100000
feature = ReLU
lograte = [-1.]
dataset = eldan
N = 10

screen params
2019-04-27 20:09:16.703052
folds = 5
classes = [0]
task = regression
val_size = 30000
feature = ReLU
lograte = [-1.]
loss_fn = squared
n_epoch = 5
N = 10
trials = 1
logGamma = [-7.]
dataset = eldan
bd = 100000

screen params
2019-04-27 20:11:38.977602
n_epoch = 5
bd = 100000
val_size = 30000
trials = 1
loss_fn = squared
logGamma = [-7.]
classes = [0]
dataset = eldan
lograte = [-1.]
folds = 5
task = regression
N = 10
feature = ReLU

screen params
2019-04-27 20:13:39.722260
dataset = eldan
n_epoch = 5
classes = [0]
folds = 5
val_size = 30000
lograte = [-1.]
feature = ReLU
N = 10
loss_fn = squared
logGamma = [-0.]
bd = 100000
trials = 1
task = regression

screen params
2019-04-27 20:14:58.923048
loss_fn = squared
folds = 5
trials = 1
dataset = eldan
classes = [0]
feature = ReLU
bd = 100000
n_epoch = 5
lograte = [2.]
task = regression
N = 10
logGamma = [1.]
val_size = 30000

screen params
2019-04-27 20:15:20.536707
val_size = 30000
feature = ReLU
task = regression
classes = [0]
lograte = [-4.]
logGamma = [1.]
folds = 5
bd = 100000
dataset = eldan
trials = 1
N = 10
loss_fn = squared
n_epoch = 5

screen params
2019-04-27 20:16:09.806314
val_size = 30000
feature = ReLU
n_epoch = 5
lograte = [2.]
bd = 100000
classes = [0]
logGamma = []
loss_fn = squared
N = 20
dataset = eldan
task = regression
folds = 5
trials = 1

screen params
2019-04-27 20:16:22.268639
trials = 1
feature = ReLU
n_epoch = 5
loss_fn = squared
val_size = 30000
folds = 5
task = regression
N = 20
dataset = eldan
bd = 100000
lograte = [2.]
classes = [0]
logGamma = []

screen params
2019-04-27 20:16:33.476652
val_size = 30000
dataset = eldan
N = 10
loss_fn = squared
bd = 100000
trials = 1
feature = ReLU
folds = 5
task = regression
lograte = [2.]
n_epoch = 5
classes = [0]
logGamma = []

screen params
2019-04-27 20:16:50.916157
dataset = eldan
feature = ReLU
loss_fn = squared
bd = 100000
n_epoch = 5
lograte = [-2.]
task = regression
trials = 1
N = 10
logGamma = []
classes = [0]
folds = 5
val_size = 30000

screen params
2019-04-27 20:17:09.340201
folds = 5
task = regression
bd = 100000
logGamma = [0.]
dataset = eldan
classes = [0]
trials = 1
N = 10
n_epoch = 5
val_size = 30000
feature = ReLU
lograte = [-2.]
loss_fn = squared

screen params
2019-04-27 20:17:26.890180
feature = ReLU
task = regression
val_size = 30000
logGamma = [0.]
N = 20
trials = 1
classes = [0]
lograte = [-2.]
folds = 5
loss_fn = squared
bd = 100000
dataset = eldan
n_epoch = 5

screen params
2019-04-27 20:17:48.822137
dataset = eldan
logGamma = [0.]
N = 30
feature = ReLU
bd = 100000
loss_fn = squared
folds = 5
task = regression
val_size = 30000
n_epoch = 5
classes = [0]
trials = 1
lograte = [-2.]

screen params
2019-04-27 20:19:15.366934
loss_fn = log
dataset = eldan
val_size = 30000
folds = 5
trials = 1
N = 30
feature = ReLU
logGamma = [0.]
n_epoch = 5
classes = [-1.0, 0.0, 1.0]
task = classification
bd = 100000
lograte = [-2.]

screen params
2019-04-27 20:26:03.448264
lograte = [-2.]
n_epoch = 5
loss_fn = log
logGamma = [0.]
folds = 5
classes = [-1.0, 0.0, 1.0]
bd = 100000
trials = 1
feature = ReLU
dataset = eldan
N = 100
task = classification
val_size = 30000

screen params
2019-04-27 20:26:46.437791
task = classification
bd = 100000
val_size = 30000
folds = 5
loss_fn = log
lograte = [-4.]
classes = [-1.0, 0.0, 1.0]
trials = 1
feature = ReLU
logGamma = [0.]
dataset = eldan
N = 100
n_epoch = 5

screen params
2019-04-27 20:27:28.178050
folds = 5
task = classification
lograte = [-1.]
N = 100
val_size = 30000
trials = 1
n_epoch = 5
bd = 100000
logGamma = [1.]
dataset = eldan
feature = ReLU
classes = [-1.0, 0.0, 1.0]
loss_fn = log

screen params
2019-04-27 21:26:15.884919
task = classification
trials = 2
bd = 100000
classes = [-1.0, 0.0, 1.0]
val_size = 30000
dataset = eldan
n_epoch = 5
lograte = [-4. -3. -2. -1.  0.  1.  2.  3.  4.]
loss_fn = log
folds = 5
feature = ReLU
N = 20
logGamma = [-2.]

screen params
2019-04-27 21:34:58.157163
classes = [-1.0, 0.0, 1.0]
logGamma = [-2.]
folds = 5
feature = ReLU
val_size = 30000
bd = 100000
lograte = [-4. -3. -2. -1.  0.  1.  2.  3.  4.]
task = classification
N = 20
loss_fn = log
n_epoch = 5
dataset = eldan
trials = 2

screen params
2019-04-27 17:40:13.026924
feature = ReLU
logGamma = [-2.]
task = classification
loss_fn = log
lograte = [-4. -3. -2. -1.  0.  1.  2.  3.  4.]
dataset = eldan
n_epoch = 5
folds = 5
bd = 100000
classes = [-1.0, 0.0, 1.0]
val_size = 30000
N = 20
trials = 2

screen params
2019-04-27 17:41:47.849316
val_size = 30000
n_epoch = 5
feature = ReLU
task = classification
bd = 100000
folds = 5
loss_fn = log
logGamma = [-2.]
lograte = [-4. -3. -2. -1.  0.  1.  2.  3.  4.]
dataset = eldan
N = 20
classes = [-1.0, 0.0, 1.0]
trials = 2

screen params
2019-04-27 17:56:41.463968
dataset = eldan
N = 20
trials = 2
task = classification
lograte = [-4. -3. -2. -1.  0.  1.  2.  3.  4.]
bd = 100000
feature = ReLU
n_epoch = 5
classes = [-1.0, 0.0, 1.0]
val_size = 30000
loss_fn = log
logGamma = [-2.]
folds = 5

screen params
2019-04-27 18:01:52.612597
task = classification
bd = 100000
N = 20
feature = ReLU
n_epoch = 5
lograte = [-5. -4. -3. -2. -1.  0.  1.]
loss_fn = log
val_size = 30000
logGamma = [-3.  -2.5 -2.  -1.5 -1.  -0.5  0.   0.5  1.   1.5  2.   2.5]
trials = 7
dataset = eldan
classes = [-1.0, 0.0, 1.0]
folds = 5

screen params
2019-04-27 18:11:24.098629
val_size = 30000
task = classification
lograte = [-5. -4. -3. -2. -1.  0.  1.]
feature = ReLU
folds = 5
classes = [-1.0, 0.0, 1.0]
logGamma = [-3.  -2.5 -2.  -1.5 -1.  -0.5  0.   0.5  1.   1.5  2.   2.5]
loss_fn = log
N = 40
n_epoch = 5
trials = 7
dataset = eldan
bd = 100000

screen params
2019-04-27 18:21:01.074861
bd = 100000
n_epoch = 5
logGamma = [-3.  -2.5 -2.  -1.5 -1.  -0.5  0.   0.5  1.   1.5  2.   2.5]
trials = 7
val_size = 30000
folds = 5
N = 80
loss_fn = log
lograte = [-5. -4. -3. -2. -1.  0.  1.]
dataset = eldan
task = classification
feature = ReLU
classes = [-1.0, 0.0, 1.0]

screen params
2019-04-27 18:30:36.329049
n_epoch = 5
logGamma = [-3.  -2.5 -2.  -1.5 -1.  -0.5  0.   0.5  1.   1.5  2.   2.5]
folds = 5
lograte = [-5. -4. -3. -2. -1.  0.  1.]
task = classification
trials = 7
feature = ReLU
bd = 100000
loss_fn = log
dataset = eldan
N = 160
val_size = 30000
classes = [-1.0, 0.0, 1.0]

screen params
2019-04-27 18:40:13.151589
dataset = eldan
logGamma = [-3.  -2.5 -2.  -1.5 -1.  -0.5  0.   0.5  1.   1.5  2.   2.5]
bd = 100000
val_size = 30000
N = 320
classes = [-1.0, 0.0, 1.0]
n_epoch = 5
lograte = [-5. -4. -3. -2. -1.  0.  1.]
trials = 7
folds = 5
feature = ReLU
task = classification
loss_fn = log

screen params
2019-04-27 18:49:54.273971
task = classification
lograte = [-5. -4. -3. -2. -1.  0.  1.]
loss_fn = log
n_epoch = 5
logGamma = [-3.  -2.5 -2.  -1.5 -1.  -0.5  0.   0.5  1.   1.5  2.   2.5]
bd = 100000
N = 640
trials = 7
dataset = eldan
classes = [-1.0, 0.0, 1.0]
feature = ReLU
val_size = 30000
folds = 5

screen params
2019-04-27 18:59:39.530771
dataset = eldan
feature = ReLU
classes = [-1.0, 0.0, 1.0]
bd = 100000
trials = 7
loss_fn = log
N = 1280
lograte = [-5. -4. -3. -2. -1.  0.  1.]
logGamma = [-3.  -2.5 -2.  -1.5 -1.  -0.5  0.   0.5  1.   1.5  2.   2.5]
task = classification
n_epoch = 5
folds = 5
val_size = 30000

screen params
2019-04-27 19:09:36.083783
n_epoch = 5
bd = 100000
trials = 7
logGamma = [-3.  -2.5 -2.  -1.5 -1.  -0.5  0.   0.5  1.   1.5  2.   2.5]
folds = 5
feature = ReLU
loss_fn = log
dataset = eldan
task = classification
N = 2560
classes = [-1.0, 0.0, 1.0]
lograte = [-5. -4. -3. -2. -1.  0.  1.]
val_size = 30000

screen params
2019-04-27 19:19:49.768778
n_epoch = 5
task = classification
classes = [-1.0, 0.0, 1.0]
logGamma = [-3.  -2.5 -2.  -1.5 -1.  -0.5  0.   0.5  1.   1.5  2.   2.5]
folds = 5
dataset = eldan
feature = ReLU
trials = 7
N = 5120
lograte = [-5. -4. -3. -2. -1.  0.  1.]
bd = 100000
loss_fn = log
val_size = 30000

screen params
2019-04-27 21:28:04.548491
trials = 8
dataset = eldan
val_size = 30000
n_epoch = 5
feature = ReLU
logGamma = [-5.  -4.5 -4.  -3.5 -3.  -2.5 -2.  -1.5 -1.  -0.5]
lograte = [-1.  -0.5  0.   0.5  1.   1.5  2.   2.5]
task = classification
classes = [-1.0, 0.0, 1.0]
N = 20
bd = 100000
loss_fn = log
folds = 5

screen params
2019-04-27 21:28:14.893405
trials = 8
n_epoch = 5
logGamma = [-5.  -4.5 -4.  -3.5 -3.  -2.5 -2.  -1.5 -1.  -0.5]
val_size = 30000
folds = 5
classes = [-1.0, 0.0, 1.0]
lograte = [-1.  -0.5  0.   0.5  1.   1.5  2.   2.5]
bd = 100000
loss_fn = log
dataset = eldan
feature = ReLU
N = 40
task = classification

screen params
2019-04-27 21:32:28.497296
val_size = 30000
feature = ReLU
loss_fn = log
folds = 5
task = classification
N = 20
dataset = eldan
classes = [-1.0, 0.0, 1.0]
trials = 8
n_epoch = 5
bd = 100000
logGamma = [-5.  -4.5 -4.  -3.5 -3.  -2.5 -2.  -1.5 -1.  -0.5]
lograte = [-1.  -0.5  0.   0.5  1.   1.5  2.   2.5]

screen params
2019-04-27 21:33:47.224270
trials = 8
n_epoch = 5
bd = 100000
logGamma = [-5.  -4.5 -4.  -3.5 -3.  -2.5 -2.  -1.5 -1.  -0.5]
lograte = [-1.  -0.5  0.   0.5  1.   1.5  2.   2.5]
val_size = 30000
N = 20
loss_fn = log
folds = 5
feature = ReLU
dataset = eldan
task = classification
classes = [-1.0, 0.0, 1.0]

screen params
2019-04-27 21:41:53.471021
dataset = eldan
trials = 8
logGamma = [-5.  -4.5 -4.  -3.5 -3.  -2.5 -2.  -1.5 -1.  -0.5]
task = classification
bd = 100000
lograte = [-1.  -0.5  0.   0.5  1.   1.5  2.   2.5]
loss_fn = log
classes = [-1.0, 0.0, 1.0]
N = 40
folds = 5
n_epoch = 5
val_size = 30000
feature = ReLU

screen params
2019-04-27 21:49:59.184669
feature = ReLU
val_size = 30000
N = 80
loss_fn = log
trials = 8
logGamma = [-5.  -4.5 -4.  -3.5 -3.  -2.5 -2.  -1.5 -1.  -0.5]
task = classification
n_epoch = 5
dataset = eldan
lograte = [-1.  -0.5  0.   0.5  1.   1.5  2.   2.5]
bd = 100000
folds = 5
classes = [-1.0, 0.0, 1.0]

screen params
2019-04-27 21:58:10.956468
logGamma = [-5.  -4.5 -4.  -3.5 -3.  -2.5 -2.  -1.5 -1.  -0.5]
dataset = eldan
classes = [-1.0, 0.0, 1.0]
val_size = 30000
folds = 5
lograte = [-1.  -0.5  0.   0.5  1.   1.5  2.   2.5]
task = classification
loss_fn = log
feature = ReLU
N = 160
bd = 100000
trials = 8
n_epoch = 5

screen params
2019-04-27 22:06:15.278062
folds = 5
val_size = 30000
classes = [-1.0, 0.0, 1.0]
N = 320
dataset = eldan
lograte = [-1.  -0.5  0.   0.5  1.   1.5  2.   2.5]
n_epoch = 5
bd = 100000
feature = ReLU
task = classification
logGamma = [-5.  -4.5 -4.  -3.5 -3.  -2.5 -2.  -1.5 -1.  -0.5]
trials = 8
loss_fn = log

screen params
2019-04-27 22:14:30.273321
N = 640
bd = 100000
folds = 5
trials = 8
val_size = 30000
feature = ReLU
loss_fn = log
logGamma = [-5.  -4.5 -4.  -3.5 -3.  -2.5 -2.  -1.5 -1.  -0.5]
dataset = eldan
lograte = [-1.  -0.5  0.   0.5  1.   1.5  2.   2.5]
task = classification
n_epoch = 5
classes = [-1.0, 0.0, 1.0]

screen params
2019-04-27 22:22:47.708781
val_size = 30000
n_epoch = 5
lograte = [-1.  -0.5  0.   0.5  1.   1.5  2.   2.5]
folds = 5
feature = ReLU
logGamma = [-5.  -4.5 -4.  -3.5 -3.  -2.5 -2.  -1.5 -1.  -0.5]
N = 1280
task = classification
loss_fn = log
bd = 100000
trials = 8
dataset = eldan
classes = [-1.0, 0.0, 1.0]

screen params
2019-04-27 22:31:13.804816
logGamma = [-5.  -4.5 -4.  -3.5 -3.  -2.5 -2.  -1.5 -1.  -0.5]
classes = [-1.0, 0.0, 1.0]
trials = 8
loss_fn = log
val_size = 30000
feature = ReLU
bd = 100000
n_epoch = 5
task = classification
lograte = [-1.  -0.5  0.   0.5  1.   1.5  2.   2.5]
dataset = eldan
N = 2560
folds = 5

screen params
2019-04-27 22:39:49.859558
bd = 100000
classes = [-1.0, 0.0, 1.0]
dataset = eldan
task = classification
lograte = [-1.  -0.5  0.   0.5  1.   1.5  2.   2.5]
logGamma = [-5.  -4.5 -4.  -3.5 -3.  -2.5 -2.  -1.5 -1.  -0.5]
feature = ReLU
N = 5120
n_epoch = 5
folds = 5
val_size = 30000
trials = 8
loss_fn = log

screen params
2019-04-29 02:28:39.686834
task = classification
folds = 5
dataset = eldan
logGamma = [-5.  -4.5 -4.  -3.5 -3.  -2.5 -2.  -1.5 -1.  -0.5]
feature = ReLU
gpu = -1
n_epoch = 5
val_size = 30000
bd = 100000
N = 10
classes = [-1.0, 0.0, 1.0]
lograte = [-1.  -0.5  0.   0.5  1.   1.5  2.   2.5]
loss_fn = log
trials = 8

screen params
2019-04-29 02:45:43.323248
n_epoch = 5
N = 10
gpu = -1
classes = [-1.0, 0.0, 1.0]
H = 2
task = classification
trials = 8
dataset = eldan
folds = 5
lograte = [-1.  -0.5  0.   0.5  1.   1.5  2.   2.5]
val_size = 30000

screen params
2019-04-29 02:50:23.120388
trials = 8
folds = 5
gpu = -1
task = classification
classes = [-1.0, 0.0, 1.0]
lograte = [-1.  -0.5  0.   0.5  1.   1.5  2.   2.5]
val_size = 30000
n_epoch = 5
dataset = eldan
N = 10
H = 2

screen params
2019-04-29 02:54:54.929321
gpu = -1
trials = 8
classes = [-1.0, 0.0, 1.0]
dataset = eldan
task = classification
val_size = 30000
n_epoch = 5
H = 2
N = 10
folds = 5
lograte = [-1.  -0.5  0.   0.5  1.   1.5  2.   2.5]

screen params
2019-04-29 02:55:45.112231
dataset = eldan
val_size = 30000
gpu = -1
n_epoch = 5
N = 10
folds = 5
trials = 8
task = classification
classes = [-1.0, 0.0, 1.0]
lograte = [-1.  -0.5  0.   0.5  1.   1.5  2.   2.5]
H = 2

screen params
2019-04-29 02:59:40.696725
folds = 5
val_size = 30000
n_epoch = 5
H = 2
gpu = -1
trials = 8
N = 10
classes = [-1.0, 0.0, 1.0]
lograte = [-1.  -0.5  0.   0.5  1.   1.5  2.   2.5]
task = classification
dataset = eldan

screen params
2019-04-29 03:01:01.600012
classes = [-1.0, 0.0, 1.0]
lograte = [-1.  -0.5  0.   0.5  1.   1.5  2.   2.5]
trials = 8
folds = 5
N = 10
dataset = eldan
H = 2
gpu = -1
n_epoch = 5
task = classification
val_size = 30000

screen params
2019-04-29 03:04:22.707972
task = classification
gpu = -1
n_epoch = 5
folds = 5
N = 10
dataset = eldan
H = 2
trials = 8
classes = [-1.0, 0.0, 1.0]
val_size = 30000
lograte = [-1.  -0.5  0.   0.5  1.   1.5  2.   2.5]

screen params
2019-04-29 03:05:53.986320
lograte = [-1.  -0.5  0.   0.5  1.   1.5  2.   2.5]
H = 2
task = classification
folds = 5
gpu = -1
val_size = 30000
N = 10
n_epoch = 5
dataset = eldan
classes = [-1.0, 0.0, 1.0]
trials = 8

screen params
2019-04-29 03:06:20.156552
H = 2
lograte = [-1.  -0.5  0.   0.5  1.   1.5  2.   2.5]
task = classification
val_size = 30000
trials = 8
folds = 5
classes = [-1.0, 0.0, 1.0]
gpu = -1
n_epoch = 5
dataset = eldan
N = 10

screen params
2019-04-29 03:07:44.204148
lograte = [-1.  -0.5  0.   0.5  1.   1.5  2.   2.5]
val_size = 30000
folds = 5
n_epoch = 5
gpu = -1
trials = 8
task = classification
classes = [-1.0, 0.0, 1.0]
N = 10
H = 2
dataset = eldan

screen params
2019-04-29 03:09:40.189552
dataset = eldan
gpu = -1
classes = [-1.0, 0.0, 1.0]
task = classification
lograte = [-1.  -0.5  0.   0.5  1.   1.5  2.   2.5]
folds = 5
H = 2
val_size = 30000
N = 10
trials = 8
n_epoch = 5

screen params
2019-04-29 03:10:36.437701
lograte = [-1.  -0.5  0.   0.5  1.   1.5  2.   2.5]
val_size = 30000
task = classification
folds = 5
n_epoch = 5
classes = [-1.0, 0.0, 1.0]
H = 2
gpu = -1
dataset = eldan
trials = 8
N = 10

screen params
2019-04-29 03:11:23.061826
classes = [-1.0, 0.0, 1.0]
n_epoch = 5
trials = 8
dataset = eldan
val_size = 30000
lograte = [-1.  -0.5  0.   0.5  1.   1.5  2.   2.5]
gpu = -1
folds = 5
N = 10
H = 2
task = classification

screen params
2019-04-29 03:15:24.518618
task = classification
n_epoch = 5
classes = [-1.0, 0.0, 1.0]
folds = 5
lograte = [-1.  -0.5  0.   0.5  1.   1.5  2.   2.5]
H = 2
dataset = eldan
val_size = 30000
gpu = -1
N = 10
trials = 8

screen params
2019-04-29 03:15:57.133484
gpu = -1
classes = [-1.0, 0.0, 1.0]
dataset = eldan
H = 2
lograte = [-1.  -0.5  0.   0.5  1.   1.5  2.   2.5]
trials = 8
n_epoch = 5
folds = 5
val_size = 30000
N = 10
task = classification

screen params
2019-04-29 03:17:58.289927
lograte = [-1.  -0.5  0.   0.5  1.   1.5  2.   2.5]
gpu = -1
n_epoch = 5
task = classification
classes = [-1.0, 0.0, 1.0]
folds = 5
feature = NN
dataset = eldan
val_size = 30000
N = 10
H = 2
trials = 8

screen params
2019-04-29 03:18:59.077933
N = 10
val_size = 30000
dataset = eldan
H = 2
trials = 8
lograte = [-1.  -0.5  0.   0.5  1.   1.5  2.   2.5]
n_epoch = 5
logGamma = [-100]
classes = [-1.0, 0.0, 1.0]
folds = 5
feature = NN
task = classification
gpu = -1

screen params
2019-04-29 10:22:55.524971
H = 2
n_epoch = 5
trials = 8
gpu = -1
N = 10
lograte = [-1.  -0.5  0.   0.5  1.   1.5  2.   2.5]
folds = 5
classes = [-1.0, 0.0, 1.0]
dataset = eldan
logGamma = [-100]
val_size = 30000
task = classification
feature = NN

screen params
2019-04-29 10:24:22.477971
logGamma = [-100]
dataset = eldan
classes = [-1.0, 0.0, 1.0]
val_size = 30000
lograte = [-1.  -0.5  0.   0.5  1.   1.5  2.   2.5]
task = classification
trials = 8
folds = 5
gpu = -1
H = 2
feature = NN
N = 16
n_epoch = 5

screen params
2019-04-29 10:25:47.117537
gpu = -1
n_epoch = 5
val_size = 30000
logGamma = [-100]
lograte = [-1.  -0.5  0.   0.5  1.   1.5  2.   2.5]
N = 24
dataset = eldan
task = classification
classes = [-1.0, 0.0, 1.0]
trials = 8
H = 2
feature = NN
folds = 5

screen params
2019-04-29 10:27:12.248003
folds = 5
n_epoch = 5
gpu = -1
trials = 8
feature = NN
val_size = 30000
task = classification
N = 36
H = 2
classes = [-1.0, 0.0, 1.0]
lograte = [-1.  -0.5  0.   0.5  1.   1.5  2.   2.5]
logGamma = [-100]
dataset = eldan

screen params
2019-04-29 10:28:37.265273
task = classification
dataset = eldan
val_size = 30000
folds = 5
lograte = [-1.  -0.5  0.   0.5  1.   1.5  2.   2.5]
gpu = -1
trials = 8
N = 54
H = 2
classes = [-1.0, 0.0, 1.0]
feature = NN
logGamma = [-100]
n_epoch = 5

screen params
2019-04-29 10:30:01.852594
trials = 8
val_size = 30000
logGamma = [-100]
folds = 5
classes = [-1.0, 0.0, 1.0]
task = classification
H = 2
gpu = -1
feature = NN
n_epoch = 5
lograte = [-1.  -0.5  0.   0.5  1.   1.5  2.   2.5]
dataset = eldan
N = 78

screen params
2019-04-29 10:31:26.035895
H = 2
folds = 5
N = 113
gpu = -1
n_epoch = 5
dataset = eldan
task = classification
val_size = 30000
lograte = [-1.  -0.5  0.   0.5  1.   1.5  2.   2.5]
feature = NN
logGamma = [-100]
trials = 8
classes = [-1.0, 0.0, 1.0]

screen params
2019-04-29 10:32:49.583074
dataset = eldan
n_epoch = 5
trials = 8
gpu = -1
classes = [-1.0, 0.0, 1.0]
folds = 5
H = 2
N = 162
feature = NN
logGamma = [-100]
val_size = 30000
lograte = [-1.  -0.5  0.   0.5  1.   1.5  2.   2.5]
task = classification

screen params
2019-04-29 10:34:13.750359
folds = 5
task = classification
trials = 8
feature = NN
H = 2
logGamma = [-100]
val_size = 30000
N = 231
dataset = eldan
lograte = [-1.  -0.5  0.   0.5  1.   1.5  2.   2.5]
gpu = -1
classes = [-1.0, 0.0, 1.0]
n_epoch = 5

screen params
2019-04-29 10:45:09.049619
folds = 5
classes = [-1, 0, 1]
task = classification
trials = 8
n_epoch = 10
H = 2
lograte = [-3.  -2.5 -2.  -1.5 -1.  -0.5  0.   0.5]
logGamma = [-100]
dataset = eldan
gpu = 0
val_size = 30000
N = 10
feature = NN

screen params
2019-04-29 10:49:56.364442
gpu = 0
dataset = eldan
N = 10
classes = [-1, 0, 1]
H = 2
task = classification
trials = 1
lograte = [-3.  -2.5 -2.  -1.5 -1.  -0.5  0.   0.5]
val_size = 30000
n_epoch = 10
logGamma = [-100]
feature = NN
folds = 10

screen params
2019-04-29 10:50:20.216831
lograte = [-3.  -2.5 -2.  -1.5 -1.  -0.5  0.   0.5]
dataset = eldan
trials = 1
feature = NN
gpu = 0
folds = 10
logGamma = [-100]
classes = [-1, 0, 1]
task = classification
n_epoch = 10
N = 10
val_size = 30000
H = 2

screen params
2019-04-29 10:51:34.229055
feature = NN
task = classification
val_size = 30000
n_epoch = 10
folds = 10
trials = 1
lograte = [-1.  -0.5  0.   0.5]
H = 2
N = 10
logGamma = [-100]
dataset = eldan
gpu = 0
classes = [-1, 0, 1]

screen params
2019-04-29 10:57:50.121254
task = classification
H = 2
feature = NN
logGamma = [-100]
gpu = 0
n_epoch = 10
trials = 1
lograte = [-1.  -0.5  0.   0.5]
N = 10
dataset = eldan
folds = 10
val_size = 30000
classes = [-1, 0, 1]

screen params
2019-04-29 10:58:59.513080
gpu = 0
logGamma = [-100]
folds = 10
trials = 1
n_epoch = 10
lograte = [-1.  -0.5  0.   0.5]
task = classification
feature = NN
val_size = 30000
classes = [-1, 0, 1]
N = 10
dataset = eldan
H = 2

screen params
2019-04-29 11:05:41.950246
dataset = eldan
logGamma = [-100]
lograte = [-1.  -0.5  0.   0.5]
task = classification
feature = NN
trials = 1
folds = 10
n_epoch = 10
val_size = 30000
N = 10
classes = [-1, 0, 1]
gpu = 0
H = 2

screen params
2019-04-29 11:06:58.552343
task = classification
lograte = [-1.  -0.5  0.   0.5]
val_size = 3000
H = 2
gpu = 0
folds = 10
feature = NN
n_epoch = 10
trials = 1
classes = [-1, 0, 1]
dataset = eldan
N = 10
logGamma = [-100]

screen params
2019-04-29 11:07:47.693440
trials = 1
lograte = [-1.  -0.5  0.   0.5]
classes = [-1, 0, 1]
task = classification
folds = 10
feature = NN
dataset = eldan
gpu = 0
n_epoch = 10
logGamma = [-100]
H = 2
val_size = 300
N = 10

screen params
2019-04-29 11:08:57.263327
n_epoch = 10
feature = NN
task = classification
trials = 1
lograte = [-1.  -0.5  0.   0.5]
N = 1
H = 2
gpu = 0
dataset = eldan
classes = [-1, 0, 1]
folds = 5
val_size = 3000
logGamma = [-100]

screen params
2019-04-29 11:10:11.203022
H = 2
trials = 1
feature = NN
val_size = 3000
classes = [-1, 0, 1]
N = 1
dataset = eldan
lograte = [-1.  -0.5  0.   0.5]
logGamma = [-100]
n_epoch = 10
task = classification
gpu = 0
folds = 5

screen params
2019-04-29 11:11:08.850018
gpu = 0
N = 1
logGamma = [-100]
val_size = 3000
classes = [-1, 0, 1]
task = classification
folds = 5
feature = NN
trials = 1
lograte = [-1.  -0.5  0.   0.5]
dataset = eldan
n_epoch = 1
H = 2

screen params
2019-04-29 11:13:04.045227
H = 2
trials = 1
N = 1
lograte = [-1.  -0.5  0.   0.5]
dataset = eldan
folds = 5
gpu = 0
logGamma = [-100]
val_size = 3000
n_epoch = 0
task = classification
feature = NN
classes = [-1, 0, 1]

screen params
2019-04-29 11:13:37.920404
task = classification
n_epoch = 0
N = 1
val_size = 20000
lograte = [-1.  -0.5  0.   0.5]
classes = [-1, 0, 1]
folds = 5
dataset = eldan
trials = 1
H = 2
feature = NN
gpu = 0
logGamma = [-100]

screen params
2019-04-29 11:15:58.749572
gpu = 0
val_size = 20000
N = 1
trials = 1
feature = NN
logGamma = [-100]
n_epoch = 0
lograte = [-1.  -0.5  0.   0.5]
classes = [-1, 0, 1]
task = classification
folds = 5
dataset = eldan
H = 2

screen params
2019-04-29 11:16:24.815810
folds = 5
feature = NN
val_size = 20000
trials = 1
lograte = [-1.  -0.5  0.   0.5]
classes = [-1, 0, 1]
logGamma = [-100]
n_epoch = 0
dataset = eldan
N = 1
task = classification
H = 2
gpu = 0

screen params
2019-04-29 11:19:14.876375
logGamma = [-100]
trials = 1
classes = [-1, 0, 1]
H = 2
lograte = [-3.  -2.5 -2.  -1.5 -1.  -0.5  0.   0.5]
folds = 5
val_size = 20000
feature = NN
gpu = 0
task = classification
dataset = eldan
n_epoch = 50
N = 24

screen params
2019-04-29 11:21:12.062844
lograte = [-4.  -3.5 -3.  -2.5 -2.  -1.5 -1.  -0.5  0.   0.5]
val_size = 20000
dataset = eldan
H = 2
n_epoch = 100
folds = 5
N = 24
trials = 1
gpu = 0
task = classification
logGamma = [-100]
feature = NN
classes = [-1, 0, 1]

screen params
2019-04-29 11:21:52.795349
folds = 5
H = 2
lograte = [-3.  -2.5 -2.  -1.5 -1.  -0.5  0.   0.5]
val_size = 20000
trials = 1
task = classification
logGamma = [-100]
gpu = 0
N = 24
n_epoch = 100
dataset = eldan
feature = NN
classes = [-1, 0, 1]

screen params
2019-04-29 11:23:42.131277
logGamma = [-100]
trials = 1
lograte = [-3.  -2.5 -2.  -1.5 -1.  -0.5  0.   0.5]
H = 2
folds = 5
task = classification
n_epoch = 100
feature = NN
gpu = 0
dataset = eldan
N = 24
classes = [-1, 0, 1]
val_size = 20000

screen params
2019-04-29 11:25:49.200546
feature = NN
gpu = 0
n_epoch = 100
lograte = [-3.  -2.5 -2.  -1.5 -1.  -0.5  0.   0.5]
dataset = eldan
logGamma = [-100]
folds = 5
N = 24
val_size = 20000
classes = [-1, 0, 1]
H = 2
trials = 1
task = classification

screen params
2019-04-29 11:27:33.319084
H = 2
classes = [-1, 0, 1]
logGamma = [-100]
trials = 1
val_size = 20000
n_epoch = 100
gpu = 0
feature = NN
task = classification
dataset = eldan
folds = 5
lograte = [-4.  -3.5 -3.  -2.5 -2.  -1.5 -1.  -0.5  0.   0.5]
N = 24

screen params
2019-04-29 12:16:21.911024
dataset = eldan
val_size = 20000
H = 2
trials = 1
gpu = 0
folds = 5
logGamma = [-100]
N = 24
classes = [-1, 0, 1]
lograte = [-4.  -3.5 -3.  -2.5 -2.  -1.5 -1.  -0.5  0.   0.5]
n_epoch = 100
task = classification
feature = NN

screen params
2019-04-29 12:17:03.202726
val_size = 20000
n_epoch = 100
task = classification
H = 2
classes = [-1, 0, 1]
feature = NN
trials = 1
logGamma = [-100]
dataset = eldan
lograte = [-3.  -2.5 -2.  -1.5 -1.  -0.5  0.   0.5]
folds = 5
gpu = 0
N = 24

screen params
2019-04-29 12:20:26.100046
dataset = eldan
n_epoch = 100
lograte = [-3.  -2.5 -2.  -1.5 -1.  -0.5  0.   0.5]
feature = NN
task = classification
H = 2
gpu = 0
folds = 5
classes = [-1, 0, 1]
logGamma = [-100]
trials = 1
val_size = 20000
N = 24

screen params
2019-04-29 12:22:55.177491
lograte = [-4.  -3.5 -3.  -2.5 -2.  -1.5 -1.  -0.5]
logGamma = [-100]
classes = [-1, 0, 1]
feature = NN
val_size = 20000
trials = 8
dataset = eldan
N = 10
task = classification
folds = 5
gpu = 0
H = 2
n_epoch = 100

screen params
2019-04-29 12:31:47.153540
lograte = [-4.  -3.5 -3.  -2.5 -2.  -1.5 -1.  -0.5]
task = classification
n_epoch = 100
N = 16
feature = NN
H = 2
folds = 5
gpu = 0
trials = 8
classes = [-1, 0, 1]
logGamma = [-100]
dataset = eldan
val_size = 20000

screen params
2019-04-29 12:40:43.640928
H = 2
val_size = 20000
lograte = [-4.  -3.5 -3.  -2.5 -2.  -1.5 -1.  -0.5]
gpu = 0
task = classification
dataset = eldan
classes = [-1, 0, 1]
N = 24
feature = NN
n_epoch = 100
trials = 8
logGamma = [-100]
folds = 5

screen params
2019-04-29 12:49:35.261750
feature = NN
task = classification
N = 36
gpu = 0
lograte = [-4.  -3.5 -3.  -2.5 -2.  -1.5 -1.  -0.5]
n_epoch = 100
dataset = eldan
folds = 5
val_size = 20000
trials = 8
H = 2
logGamma = [-100]
classes = [-1, 0, 1]

screen params
2019-04-29 12:58:33.738636
H = 2
trials = 8
lograte = [-4.  -3.5 -3.  -2.5 -2.  -1.5 -1.  -0.5]
logGamma = [-100]
val_size = 20000
n_epoch = 100
feature = NN
task = classification
gpu = 0
N = 54
folds = 5
dataset = eldan
classes = [-1, 0, 1]

screen params
2019-04-29 13:07:26.802900
H = 2
feature = NN
val_size = 20000
logGamma = [-100]
classes = [-1, 0, 1]
trials = 8
N = 78
n_epoch = 100
gpu = 0
task = classification
lograte = [-4.  -3.5 -3.  -2.5 -2.  -1.5 -1.  -0.5]
folds = 5
dataset = eldan

screen params
2019-04-29 13:16:18.548037
lograte = [-4.  -3.5 -3.  -2.5 -2.  -1.5 -1.  -0.5]
val_size = 20000
N = 113
logGamma = [-100]
dataset = eldan
feature = NN
n_epoch = 100
classes = [-1, 0, 1]
trials = 8
folds = 5
H = 2
task = classification
gpu = 0

screen params
2019-04-29 13:25:10.507878
classes = [-1, 0, 1]
N = 162
lograte = [-4.  -3.5 -3.  -2.5 -2.  -1.5 -1.  -0.5]
feature = NN
val_size = 20000
task = classification
logGamma = [-100]
n_epoch = 100
dataset = eldan
gpu = 0
H = 2
trials = 8
folds = 5

screen params
2019-04-29 13:34:10.410961
task = classification
trials = 8
logGamma = [-100]
classes = [-1, 0, 1]
folds = 5
H = 2
n_epoch = 100
lograte = [-4.  -3.5 -3.  -2.5 -2.  -1.5 -1.  -0.5]
val_size = 20000
dataset = eldan
feature = NN
N = 231
gpu = 0

